<?xml version="1.0" encoding="UTF-8"?>
<!-- Generated by org.testng.reporters.JUnitReportReporter -->
<testsuite hostname="GNB1DEVLYS" failures="0" tests="1" name="test.Customer" time="10.982" errors="0" timestamp="2023-09-11T16:05:03 IST" skipped="0">
  <testcase classname="test.Customer" name="clickOnGDPRRequest" time="10.982"/>
  <system-out/>
</testsuite> <!-- test.Customer -->
