<?xml version="1.0" encoding="UTF-8"?>
<!-- Generated by org.testng.reporters.JUnitReportReporter -->
<testsuite hostname="GNB1DEVLYS" failures="0" tests="1" name="test.Customer" time="9.118" errors="0" timestamp="2023-09-06T13:11:59 IST" skipped="0">
  <testcase classname="test.Customer" name="clickOnOnlineCustomers" time="9.118"/>
  <system-out/>
</testsuite> <!-- test.Customer -->
