<?xml version="1.0" encoding="UTF-8"?>
<!-- Generated by org.testng.reporters.JUnitReportReporter -->
<testsuite hostname="GNB1DEVLYS" failures="0" tests="1" name="test.Login" time="8.244" errors="0" timestamp="2023-09-06T12:08:19 IST" skipped="0">
  <testcase classname="test.Login" name="login" time="8.244"/>
  <system-out/>
</testsuite> <!-- test.Login -->
